This is pdfTeX, Version 3.141592-1.40.3 (Web2C 7.5.6) (format=.steventhesis_num 2009.6.28)  28 JUN 2009 23:49
entering extended mode
**&.steventhesis_num "./.steventhesis_num.tex"
(./.steventhesis_num.tex
LaTeX2e <2005/12/01>
Babel <v3.8h> and hyphenation patterns for english, usenglishmax, dumylang, noh
yphenation, arabic, basque, bulgarian, coptic, welsh, czech, slovak, german, ng
erman, danish, esperanto, spanish, catalan, galician, estonian, farsi, finnish,
 french, greek, monogreek, ancientgreek, croatian, hungarian, interlingua, ibyc
us, indonesian, icelandic, italian, latin, mongolian, dutch, norsk, polish, por
tuguese, pinyin, romanian, russian, slovenian, uppersorbian, serbian, swedish, 
turkish, ukenglish, ukrainian, loaded.
(./.steventhesis_num.aux (./introduction.aux))
\openout1 = `.steventhesis_num.aux'.

LaTeX Font Info:    Checking defaults for OML/cmm/m/it on input line 124.
LaTeX Font Info:    ... okay on input line 124.
LaTeX Font Info:    Checking defaults for T1/cmr/m/n on input line 124.
LaTeX Font Info:    ... okay on input line 124.
LaTeX Font Info:    Checking defaults for OT1/cmr/m/n on input line 124.
LaTeX Font Info:    ... okay on input line 124.
LaTeX Font Info:    Checking defaults for OMS/cmsy/m/n on input line 124.
LaTeX Font Info:    ... okay on input line 124.
LaTeX Font Info:    Checking defaults for OMX/cmex/m/n on input line 124.
LaTeX Font Info:    ... okay on input line 124.
LaTeX Font Info:    Checking defaults for U/cmr/m/n on input line 124.
LaTeX Font Info:    ... okay on input line 124.
(/opt/local/share/texmf-dist/tex/context/base/supp-pdf.tex
[Loading MPS to PDF converter (version 2006.09.02).]
\scratchcounter=\count89
\scratchdimen=\dimen105
\scratchbox=\box26
\nofMPsegments=\count90
\nofMParguments=\count91
\MPscratchCnt=\count92
\MPscratchDim=\dimen106
\MPnumerator=\count93
\everyMPtoPDFconversion=\toks16
)
LaTeX Font Info:    Try loading font information for U+msa on input line 129.
(/opt/local/share/texmf-dist/tex/latex/amsfonts/umsa.fd
File: umsa.fd 2002/01/19 v2.2g AMS font definitions
)
LaTeX Font Info:    Try loading font information for U+msb on input line 129.
(/opt/local/share/texmf-dist/tex/latex/amsfonts/umsb.fd
File: umsb.fd 2002/01/19 v2.2g AMS font definitions
)
Overfull \hbox (3.64174pt too wide) in paragraph at lines 129--129
[]
 []


Overfull \hbox (3.64174pt too wide) in paragraph at lines 129--129
[] 
 []


Overfull \hbox (3.64174pt too wide) in paragraph at lines 129--129
[] 
 []


Overfull \hbox (3.64174pt too wide) in paragraph at lines 129--129
[] 
 []


Overfull \hbox (3.64174pt too wide) in paragraph at lines 129--129
[] 
 []


Underfull \hbox (badness 10000) in paragraph at lines 129--129

 []

[1{/opt/local/share/texmf/fonts/map/pdftex/updmap/pdftex.map}]
LaTeX Font Info:    Try loading font information for OMS+cmr on input line 131.

(/opt/local/share/texmf-dist/tex/latex/base/omscmr.fd
File: omscmr.fd 1999/05/25 v2.5h Standard LaTeX font definitions
)
LaTeX Font Info:    Font shape `OMS/cmr/m/n' in size <12> not available
(Font)              Font shape `OMS/cmsy/m/n' tried instead on input line 131.
[2]
Underfull \hbox (badness 10000) in paragraph at lines 133--133

 []

[3] [4] [5] [6] (./.steventhesis_num.toc)
\tf@toc=\write3
\openout3 = `.steventhesis_num.toc'.

[7

] (./.steventhesis_num.lof)
\tf@lof=\write4
\openout4 = `.steventhesis_num.lof'.

[8

]
\openout2 = `introduction.aux'.

(./introduction.tex
Chapter 1.
) [1


]
Chapter 2.
[2


] [3] [4] [5]
Chapter 3.
[6

] [7]
Chapter 4.
[8

] [9]
Chapter 5.
[10

]
Chapter 6.
[11

]
Chapter 7.
[12

]
Chapter 8.
[13

]
Underfull \hbox (badness 10000) in paragraph at lines 272--272

 []

[14] (./.steventhesis_num.aux (./introduction.aux)) ) 
Here is how much of TeX's memory you used:
 404 strings out of 93064
 5606 string characters out of 1153128
 66750 words of memory out of 1500000
 4689 multiletter control sequences out of 10000+50000
 11253 words of font info for 44 fonts, out of 1200000 for 2000
 645 hyphenation exceptions out of 8191
 23i,11n,18p,920b,243s stack positions out of 5000i,500n,6000p,200000b,5000s
</opt/local/share/texmf-di
st/fonts/type1/bluesky/cm/cmbx12.pfb></opt/local/share/texmf-dist/fonts/type1/b
luesky/cm/cmr10.pfb></opt/local/share/texmf-dist/fonts/type1/bluesky/cm/cmr12.p
fb></opt/local/share/texmf-dist/fonts/type1/bluesky/cm/cmr7.pfb></opt/local/sha
re/texmf-dist/fonts/type1/bluesky/cm/cmr8.pfb></opt/local/share/texmf-dist/font
s/type1/bluesky/cm/cmsy10.pfb></opt/local/share/texmf-dist/fonts/type1/bluesky/
cm/cmti12.pfb>
Output written on .steventhesis_num.pdf (22 pages, 76422 bytes).
PDF statistics:
 101 PDF objects out of 1000 (max. 8388607)
 0 named destinations out of 1000 (max. 131072)
 1 words of extra memory for PDF output out of 10000 (max. 10000000)

